<?xml version="1.0" encoding="UTF-8"?>
<!-- Generated by org.testng.reporters.JUnitXMLReporter -->
<testsuite ignored="0" hostname="DESKTOP-RG41173" failures="0" tests="12" name="SocalRebates" time="0.426" errors="0" timestamp="2020-07-21T16:04:21 IST">
  <testcase classname="socaldesignautomation.SocalRebates01" name="@BeforeTest setUpTest" time="-1.595327661302E9">
    <failure type="org.testng.TestNGException" message="
Parameter &amp;apos;browser&amp;apos; is required by BeforeTest on method setUpTest but has not been marked @Optional or defined
in C:\Users\admin\eclipse-workspace\Socal Automation\testNG.xml">
      <![CDATA[org.testng.TestNGException: 
Parameter 'browser' is required by BeforeTest on method setUpTest but has not been marked @Optional or defined
in C:\Users\admin\eclipse-workspace\Socal Automation\testNG.xml
at java.base/java.util.concurrent.FutureTask.run(FutureTask.java:264)
at java.base/java.util.concurrent.ThreadPoolExecutor.runWorker(ThreadPoolExecutor.java:1128)
at java.base/java.util.concurrent.ThreadPoolExecutor$Worker.run(ThreadPoolExecutor.java:628)
at java.base/java.lang.Thread.run(Thread.java:830)
... Removed 12 stack frames]]>
    </failure>
  </testcase> <!-- @BeforeTest setUpTest -->
  <testcase classname="socaldesignautomation.SocalBusinessRebates02" name="@BeforeTest setUpTest" time="-1.595327661304E9">
    <failure type="org.testng.TestNGException" message="
Parameter &amp;apos;browser&amp;apos; is required by BeforeTest on method setUpTest but has not been marked @Optional or defined
in C:\Users\admin\eclipse-workspace\Socal Automation\testNG.xml">
      <![CDATA[org.testng.TestNGException: 
Parameter 'browser' is required by BeforeTest on method setUpTest but has not been marked @Optional or defined
in C:\Users\admin\eclipse-workspace\Socal Automation\testNG.xml
at java.base/java.util.concurrent.FutureTask.run(FutureTask.java:264)
at java.base/java.util.concurrent.ThreadPoolExecutor.runWorker(ThreadPoolExecutor.java:1128)
at java.base/java.util.concurrent.ThreadPoolExecutor$Worker.run(ThreadPoolExecutor.java:628)
at java.base/java.lang.Thread.run(Thread.java:830)
... Removed 12 stack frames]]>
    </failure>
  </testcase> <!-- @BeforeTest setUpTest -->
  <testcase classname="socaldesignautomation.SocalBusinessRebates02" name="@AfterTest terminateBrowser" time="-1.595327661486E9">
    <skipped/>
  </testcase> <!-- @AfterTest terminateBrowser -->
  <testcase classname="socaldesignautomation.SocalRebates01" name="@AfterTest terminateBrowser" time="-1.595327661706E9">
    <skipped/>
  </testcase> <!-- @AfterTest terminateBrowser -->
  <testcase classname="socaldesignautomation.SocalRebates01" name="BusinessRebatesDesignVerification" time="0.0">
    <skipped/>
  </testcase> <!-- BusinessRebatesDesignVerification -->
  <testcase classname="socaldesignautomation.SocalRebates01" name="ConnectWithUsFooterDesignVerification" time="0.0">
    <skipped/>
  </testcase> <!-- ConnectWithUsFooterDesignVerification -->
  <testcase classname="socaldesignautomation.SocalRebates01" name="EnergyEfficiencyFinancingDesignVerification" time="0.0">
    <skipped/>
  </testcase> <!-- EnergyEfficiencyFinancingDesignVerification -->
  <testcase classname="socaldesignautomation.SocalRebates01" name="FooterDesignVerification" time="0.0">
    <skipped/>
  </testcase> <!-- FooterDesignVerification -->
  <testcase classname="socaldesignautomation.SocalRebates01" name="FooterDisclaimerTextDesignVerification" time="0.0">
    <skipped/>
  </testcase> <!-- FooterDisclaimerTextDesignVerification -->
  <testcase classname="socaldesignautomation.SocalRebates01" name="LogoIsPresentOrNotVerification" time="0.0">
    <skipped/>
  </testcase> <!-- LogoIsPresentOrNotVerification -->
  <testcase classname="socaldesignautomation.SocalRebates01" name="MainNavHeaderDesignVerification" time="0.0">
    <skipped/>
  </testcase> <!-- MainNavHeaderDesignVerification -->
  <testcase classname="socaldesignautomation.SocalRebates01" name="RebatesAndIncentiveDesignVerification" time="0.0">
    <skipped/>
  </testcase> <!-- RebatesAndIncentiveDesignVerification -->
  <testcase classname="socaldesignautomation.SocalRebates01" name="ResidentialRebatesDesignVerification" time="0.0">
    <skipped/>
  </testcase> <!-- ResidentialRebatesDesignVerification -->
  <testcase classname="socaldesignautomation.SocalRebates01" name="SearchSoCalGasDesignVerification" time="0.0">
    <skipped/>
  </testcase> <!-- SearchSoCalGasDesignVerification -->
  <testcase classname="socaldesignautomation.SocalRebates01" name="SoCalGasMarketPlaceDesignVerification" time="0.0">
    <skipped/>
  </testcase> <!-- SoCalGasMarketPlaceDesignVerification -->
  <testcase classname="socaldesignautomation.SocalRebates01" name="UtilityNavHearderDesignVerificatin" time="0.0">
    <skipped/>
  </testcase> <!-- UtilityNavHearderDesignVerificatin -->
</testsuite> <!-- SocalRebates -->
