<?xml version="1.0" encoding="UTF-8"?>
<!-- Generated by org.testng.reporters.JUnitXMLReporter -->
<testsuite ignored="0" hostname="DESKTOP-RG41173" failures="1" tests="16" name="SocalHomePage Page 06" time="38.151" errors="0" timestamp="2020-07-27T12:06:21 IST">
  <testcase classname="socaldesignautomation.SocalHomePage06" name="BillPaymentOptions" time="0.191"/>
  <testcase classname="socaldesignautomation.SocalHomePage06" name="ConnectWithUsFooterDesignVerification" time="0.109"/>
  <testcase classname="socaldesignautomation.SocalHomePage06" name="CovidSupportResponce" time="0.11"/>
  <testcase classname="socaldesignautomation.SocalHomePage06" name="FinancialSupportForYouAndYourFamily" time="0.16"/>
  <testcase classname="socaldesignautomation.SocalHomePage06" name="FooterDesignVerification" time="0.063"/>
  <testcase classname="socaldesignautomation.SocalHomePage06" name="FooterDisclaimerTextDesignVerification" time="0.061"/>
  <testcase classname="socaldesignautomation.SocalHomePage06" name="LogintoMyAccounttopayyourbill" time="20.05">
    <failure type="org.openqa.selenium.NoSuchElementException" message="no such element: Unable to locate element: {&amp;quot;method&amp;quot;:&amp;quot;xpath&amp;quot;,&amp;quot;selector&amp;quot;:&amp;quot;//div[contains(text(),&amp;apos;Log in to My&amp;apos;)]&amp;quot;}
  (Session info: MicrosoftEdge=84.0.522.44)
For documentation on this error, please visit: https://www.seleniumhq.org/exceptions/no_such_element.html
Build info: version: &amp;apos;3.141.59&amp;apos;, revision: &amp;apos;e82be7d358&amp;apos;, time: &amp;apos;2018-11-14T08:25:48&amp;apos;
System info: host: &amp;apos;DESKTOP-RG41173&amp;apos;, ip: &amp;apos;192.168.1.4&amp;apos;, os.name: &amp;apos;Windows 10&amp;apos;, os.arch: &amp;apos;amd64&amp;apos;, os.version: &amp;apos;10.0&amp;apos;, java.version: &amp;apos;13.0.2&amp;apos;
Driver info: org.openqa.selenium.edge.EdgeDriver
Capabilities {acceptInsecureCerts: false, browserName: msedge, browserVersion: 84.0.522.44, javascriptEnabled: true, ms:edgeOptions: {debuggerAddress: localhost:50901}, msedge: {msedgedriverVersion: 84.0.524.0 (fb5da7c609f3529..., userDataDir: C:\Users\admin\AppData\Loca...}, networkConnectionEnabled: false, pageLoadStrategy: normal, platform: WINDOWS, platformName: WINDOWS, proxy: Proxy(), setWindowRect: true, strictFileInteractability: false, timeouts: {implicit: 0, pageLoad: 300000, script: 30000}, unhandledPromptBehavior: dismiss and notify, webauthn:virtualAuthenticators: true}
Session ID: f4148f83c0b9450ca121b3ac868b545a
*** Element info: {Using=xpath, value=//div[contains(text(),&amp;apos;Log in to My&amp;apos;)]}">
      <![CDATA[org.openqa.selenium.NoSuchElementException: no such element: Unable to locate element: {"method":"xpath","selector":"//div[contains(text(),'Log in to My')]"}
  (Session info: MicrosoftEdge=84.0.522.44)
For documentation on this error, please visit: https://www.seleniumhq.org/exceptions/no_such_element.html
Build info: version: '3.141.59', revision: 'e82be7d358', time: '2018-11-14T08:25:48'
System info: host: 'DESKTOP-RG41173', ip: '192.168.1.4', os.name: 'Windows 10', os.arch: 'amd64', os.version: '10.0', java.version: '13.0.2'
Driver info: org.openqa.selenium.edge.EdgeDriver
Capabilities {acceptInsecureCerts: false, browserName: msedge, browserVersion: 84.0.522.44, javascriptEnabled: true, ms:edgeOptions: {debuggerAddress: localhost:50901}, msedge: {msedgedriverVersion: 84.0.524.0 (fb5da7c609f3529..., userDataDir: C:\Users\admin\AppData\Loca...}, networkConnectionEnabled: false, pageLoadStrategy: normal, platform: WINDOWS, platformName: WINDOWS, proxy: Proxy(), setWindowRect: true, strictFileInteractability: false, timeouts: {implicit: 0, pageLoad: 300000, script: 30000}, unhandledPromptBehavior: dismiss and notify, webauthn:virtualAuthenticators: true}
Session ID: f4148f83c0b9450ca121b3ac868b545a
*** Element info: {Using=xpath, value=//div[contains(text(),'Log in to My')]}
at org.openqa.selenium.remote.http.W3CHttpResponseCodec.createException(W3CHttpResponseCodec.java:187)
at org.openqa.selenium.remote.http.W3CHttpResponseCodec.decode(W3CHttpResponseCodec.java:122)
at org.openqa.selenium.remote.http.W3CHttpResponseCodec.decode(W3CHttpResponseCodec.java:49)
at org.openqa.selenium.remote.HttpCommandExecutor.execute(HttpCommandExecutor.java:158)
at org.openqa.selenium.remote.service.DriverCommandExecutor.execute(DriverCommandExecutor.java:83)
at org.openqa.selenium.remote.RemoteWebDriver.execute(RemoteWebDriver.java:552)
at org.openqa.selenium.remote.RemoteWebDriver.findElement(RemoteWebDriver.java:323)
at org.openqa.selenium.remote.RemoteWebDriver.findElementByXPath(RemoteWebDriver.java:428)
at org.openqa.selenium.By$ByXPath.findElement(By.java:353)
at org.openqa.selenium.remote.RemoteWebDriver.findElement(RemoteWebDriver.java:315)
at socaldesignautomation.SocalHomePage06.LogintoMyAccounttopayyourbill(SocalHomePage06.java:158)
at java.base/java.util.ArrayList.forEach(ArrayList.java:1507)
at java.base/java.util.concurrent.FutureTask.run(FutureTask.java:264)
at java.base/java.util.concurrent.ThreadPoolExecutor.runWorker(ThreadPoolExecutor.java:1128)
at java.base/java.util.concurrent.ThreadPoolExecutor$Worker.run(ThreadPoolExecutor.java:628)
at java.base/java.lang.Thread.run(Thread.java:830)
... Removed 23 stack frames]]>
    </failure>
  </testcase> <!-- LogintoMyAccounttopayyourbill -->
  <testcase classname="socaldesignautomation.SocalHomePage06" name="LogoIsPresentOrNotVerification" time="0.029"/>
  <testcase classname="socaldesignautomation.SocalHomePage06" name="MainNavHeaderDesignVerification" time="0.05"/>
  <testcase classname="socaldesignautomation.SocalHomePage06" name="OurVisionDesignVerification" time="0.141"/>
  <testcase classname="socaldesignautomation.SocalHomePage06" name="SearchSoCalGasDesignVerification" time="0.047"/>
  <testcase classname="socaldesignautomation.SocalHomePage06" name="ServicesDesignVerification" time="0.124"/>
  <testcase classname="socaldesignautomation.SocalHomePage06" name="SocalgasNews" time="0.176"/>
  <testcase classname="socaldesignautomation.SocalHomePage06" name="StartYourDIYProjectWithSafety" time="0.143"/>
  <testcase classname="socaldesignautomation.SocalHomePage06" name="UnderstandingYourBill" time="0.149"/>
  <testcase classname="socaldesignautomation.SocalHomePage06" name="UtilityNavHearderDesignVerificatin" time="0.104"/>
</testsuite> <!-- SocalHomePage Page 06 -->
