<?xml version="1.0" encoding="UTF-8"?>
<!-- Generated by org.testng.reporters.JUnitXMLReporter -->
<testsuite ignored="0" hostname="DESKTOP-RG41173" failures="1" tests="3" name="SocalSearchMyaccount Page 18 Firefox" time="26.166" errors="0" timestamp="2020-08-27T20:22:29 IST">
  <testcase classname="socaldesignautomation.SocalSearchMyaccount18" name="SearchTextDesignVerification" time="0.625"/>
  <testcase classname="socaldesignautomation.SocalSearchMyaccount18" name="FilterByLanguageDesignVerification" time="1.12">
    <failure type="java.lang.AssertionError" message="expected [#ffffff] but found [#101010]">
      <![CDATA[java.lang.AssertionError: expected [#ffffff] but found [#101010]
at org.testng.Assert.fail(Assert.java:97)
at org.testng.Assert.assertEqualsImpl(Assert.java:136)
at org.testng.Assert.assertEquals(Assert.java:118)
at org.testng.Assert.assertEquals(Assert.java:575)
at org.testng.Assert.assertEquals(Assert.java:585)
at socaldesignautomation.SocalSearchMyaccount18.FilterByLanguageDesignVerification(SocalSearchMyaccount18.java:118)
at java.base/jdk.internal.reflect.NativeMethodAccessorImpl.invoke0(Native Method)
at java.base/jdk.internal.reflect.NativeMethodAccessorImpl.invoke(NativeMethodAccessorImpl.java:62)
at java.base/jdk.internal.reflect.DelegatingMethodAccessorImpl.invoke(DelegatingMethodAccessorImpl.java:43)
at java.base/java.lang.reflect.Method.invoke(Method.java:567)
at org.testng.internal.MethodInvocationHelper.invokeMethod(MethodInvocationHelper.java:135)
at org.testng.internal.TestInvoker.invokeMethod(TestInvoker.java:598)
at org.testng.internal.TestInvoker.invokeTestMethod(TestInvoker.java:174)
at org.testng.internal.MethodRunner.runInSequence(MethodRunner.java:46)
at org.testng.internal.TestInvoker$MethodInvocationAgent.invoke(TestInvoker.java:821)
at org.testng.internal.TestInvoker.invokeTestMethods(TestInvoker.java:147)
at org.testng.internal.TestMethodWorker.invokeTestMethods(TestMethodWorker.java:146)
at org.testng.internal.TestMethodWorker.run(TestMethodWorker.java:128)
at java.base/java.util.concurrent.ThreadPoolExecutor.runWorker(ThreadPoolExecutor.java:1128)
at java.base/java.util.concurrent.ThreadPoolExecutor$Worker.run(ThreadPoolExecutor.java:628)
at java.base/java.lang.Thread.run(Thread.java:830)
]]>
    </failure>
  </testcase> <!-- FilterByLanguageDesignVerification -->
  <testcase classname="socaldesignautomation.SocalSearchMyaccount18" name="ApologiesBlockDesignVerification" time="1.315"/>
</testsuite> <!-- SocalSearchMyaccount Page 18 Firefox -->
