<?xml version="1.0" encoding="UTF-8"?>
<!-- Generated by org.testng.reporters.JUnitReportReporter -->
<testsuite hostname="DESKTOP-RG41173" failures="0" tests="37" name="socaldesignautomation.SocalRebates01" time="27.906" errors="1" timestamp="2020-08-27T20:29:06 IST" skipped="12">
  <testcase classname="socaldesignautomation.SocalRebates01" name="ResidentialRebatesDesignVerification" time="0.000">
    <skipped/>
  </testcase> <!-- ResidentialRebatesDesignVerification -->
  <system-out/>
  <testcase classname="socaldesignautomation.SocalRebates01" name="LogoIsPresentOrNotVerification" time="0.000">
    <skipped/>
  </testcase> <!-- LogoIsPresentOrNotVerification -->
  <system-out/>
  <testcase classname="socaldesignautomation.SocalRebates01" name="MainNavHeaderDesignVerification" time="0.000">
    <skipped/>
  </testcase> <!-- MainNavHeaderDesignVerification -->
  <system-out/>
  <testcase classname="socaldesignautomation.SocalRebates01" name="FooterDesignVerification" time="1.366"/>
  <system-out/>
  <testcase classname="socaldesignautomation.SocalRebates01" name="BusinessRebatesDesignVerification" time="0.000">
    <skipped/>
  </testcase> <!-- BusinessRebatesDesignVerification -->
  <system-out/>
  <testcase classname="socaldesignautomation.SocalRebates01" name="MainNavHeaderDesignVerification" time="1.256"/>
  <system-out/>
  <testcase classname="socaldesignautomation.SocalRebates01" name="MainNavHeaderDesignVerification" time="0.317"/>
  <system-out/>
  <testcase classname="socaldesignautomation.SocalRebates01" name="SearchSoCalGasDesignVerification" time="1.353"/>
  <system-out/>
  <testcase classname="socaldesignautomation.SocalRebates01" name="SoCalGasMarketPlaceDesignVerification" time="0.000">
    <skipped/>
  </testcase> <!-- SoCalGasMarketPlaceDesignVerification -->
  <system-out/>
  <testcase classname="socaldesignautomation.SocalRebates01" name="ConnectWithUsFooterDesignVerification" time="1.305"/>
  <system-out/>
  <testcase classname="socaldesignautomation.SocalRebates01" name="UtilityNavHearderDesignVerificatin" time="0.306"/>
  <system-out/>
  <testcase classname="socaldesignautomation.SocalRebates01" name="UtilityNavHearderDesignVerificatin" time="0.832"/>
  <system-out/>
  <testcase classname="socaldesignautomation.SocalRebates01" name="EnergyEfficiencyFinancingDesignVerification" time="0.000">
    <skipped/>
  </testcase> <!-- EnergyEfficiencyFinancingDesignVerification -->
  <system-out/>
  <testcase classname="socaldesignautomation.SocalRebates01" name="LogoIsPresentOrNotVerification" time="0.713"/>
  <system-out/>
  <testcase classname="socaldesignautomation.SocalRebates01" name="BusinessRebatesDesignVerification" time="1.642"/>
  <system-out/>
  <testcase classname="socaldesignautomation.SocalRebates01" name="FooterDesignVerification" time="1.080"/>
  <system-out/>
  <testcase classname="socaldesignautomation.SocalRebates01" name="EnergyEfficiencyFinancingDesignVerification" time="1.125"/>
  <system-out/>
  <testcase classname="socaldesignautomation.SocalRebates01" name="RebatesAndIncentiveDesignVerification" time="0.819"/>
  <system-out/>
  <testcase classname="socaldesignautomation.SocalRebates01" name="BusinessRebatesDesignVerification" time="1.176"/>
  <system-out/>
  <testcase classname="socaldesignautomation.SocalRebates01" name="RebatesAndIncentiveDesignVerification" time="1.589"/>
  <system-out/>
  <testcase classname="socaldesignautomation.SocalRebates01" name="SoCalGasMarketPlaceDesignVerification" time="0.853"/>
  <system-out/>
  <testcase classname="socaldesignautomation.SocalRebates01" name="FooterDisclaimerTextDesignVerification" time="0.000">
    <skipped/>
  </testcase> <!-- FooterDisclaimerTextDesignVerification -->
  <system-out/>
  <testcase classname="socaldesignautomation.SocalRebates01" name="ResidentialRebatesDesignVerification" time="1.646"/>
  <system-out/>
  <testcase classname="socaldesignautomation.SocalRebates01" name="ResidentialRebatesDesignVerification" time="1.178"/>
  <system-out/>
  <testcase classname="socaldesignautomation.SocalRebates01" name="SearchSoCalGasDesignVerification" time="0.000">
    <skipped/>
  </testcase> <!-- SearchSoCalGasDesignVerification -->
  <system-out/>
  <testcase classname="socaldesignautomation.SocalRebates01" name="setUpTest" time="2.202">
    <error message="unknown error: cannot find MSEdge binary
Build info: version: &#039;3.141.59&#039;, revision: &#039;e82be7d358&#039;, time: &#039;2018-11-14T08:25:48&#039;
System info: host: &#039;DESKTOP-RG41173&#039;, ip: &#039;192.168.1.7&#039;, os.name: &#039;Windows 10&#039;, os.arch: &#039;amd64&#039;, os.version: &#039;10.0&#039;, java.version: &#039;13.0.2&#039;
Driver info: driver.version: EdgeDriver
remote stacktrace: Backtrace:
	Ordinal0 [0x00007FF77E54CF92+4050834]
	Ordinal0 [0x00007FF77E4222B9+2826937]
	Ordinal0 [0x00007FF77E29A37C+1221500]
	Ordinal0 [0x00007FF77E1EEFD0+520144]
	Ordinal0 [0x00007FF77E1EC159+508249]
	Ordinal0 [0x00007FF77E21E84A+714826]
	Ordinal0 [0x00007FF77E21BC5F+703583]
	Ordinal0 [0x00007FF77E1F7F20+556832]
	Ordinal0 [0x00007FF77E1F8CBE+560318]
	Ordinal0 [0x00007FF77E440125+2949413]
	GetHandleVerifier [0x00007FF77E6909EB+1182571]
	GetHandleVerifier [0x00007FF77E6A55B1+1267505]
	GetHandleVerifier [0x00007FF77E6916C8+1185864]
	Ordinal0 [0x00007FF77E43394A+2898250]
	Ordinal0 [0x00007FF77E441F39+2957113]
	Ordinal0 [0x00007FF77E461318+3085080]
	BaseThreadInitThunk [0x00007FFFAEE07BD4+20]
	RtlUserThreadStart [0x00007FFFB066CE51+33]
" type="org.openqa.selenium.WebDriverException">
      <![CDATA[org.openqa.selenium.WebDriverException: unknown error: cannot find MSEdge binary
Build info: version: '3.141.59', revision: 'e82be7d358', time: '2018-11-14T08:25:48'
System info: host: 'DESKTOP-RG41173', ip: '192.168.1.7', os.name: 'Windows 10', os.arch: 'amd64', os.version: '10.0', java.version: '13.0.2'
Driver info: driver.version: EdgeDriver
remote stacktrace: Backtrace:
Ordinal0 [0x00007FF77E54CF92+4050834]
Ordinal0 [0x00007FF77E4222B9+2826937]
Ordinal0 [0x00007FF77E29A37C+1221500]
Ordinal0 [0x00007FF77E1EEFD0+520144]
Ordinal0 [0x00007FF77E1EC159+508249]
Ordinal0 [0x00007FF77E21E84A+714826]
Ordinal0 [0x00007FF77E21BC5F+703583]
Ordinal0 [0x00007FF77E1F7F20+556832]
Ordinal0 [0x00007FF77E1F8CBE+560318]
Ordinal0 [0x00007FF77E440125+2949413]
GetHandleVerifier [0x00007FF77E6909EB+1182571]
GetHandleVerifier [0x00007FF77E6A55B1+1267505]
GetHandleVerifier [0x00007FF77E6916C8+1185864]
Ordinal0 [0x00007FF77E43394A+2898250]
Ordinal0 [0x00007FF77E441F39+2957113]
Ordinal0 [0x00007FF77E461318+3085080]
BaseThreadInitThunk [0x00007FFFAEE07BD4+20]
RtlUserThreadStart [0x00007FFFB066CE51+33]

at java.base/jdk.internal.reflect.NativeConstructorAccessorImpl.newInstance0(Native Method)
at java.base/jdk.internal.reflect.NativeConstructorAccessorImpl.newInstance(NativeConstructorAccessorImpl.java:62)
at java.base/jdk.internal.reflect.DelegatingConstructorAccessorImpl.newInstance(DelegatingConstructorAccessorImpl.java:45)
at java.base/java.lang.reflect.Constructor.newInstanceWithCaller(Constructor.java:500)
at java.base/java.lang.reflect.Constructor.newInstance(Constructor.java:481)
at org.openqa.selenium.remote.W3CHandshakeResponse.lambda$errorHandler$0(W3CHandshakeResponse.java:62)
at org.openqa.selenium.remote.HandshakeResponse.lambda$getResponseFunction$0(HandshakeResponse.java:30)
at org.openqa.selenium.remote.ProtocolHandshake.lambda$createSession$0(ProtocolHandshake.java:126)
at java.base/java.util.stream.ReferencePipeline$3$1.accept(ReferencePipeline.java:195)
at java.base/java.util.Spliterators$ArraySpliterator.tryAdvance(Spliterators.java:958)
at java.base/java.util.stream.ReferencePipeline.forEachWithCancel(ReferencePipeline.java:127)
at java.base/java.util.stream.AbstractPipeline.copyIntoWithCancel(AbstractPipeline.java:502)
at java.base/java.util.stream.AbstractPipeline.copyInto(AbstractPipeline.java:488)
at java.base/java.util.stream.AbstractPipeline.wrapAndCopyInto(AbstractPipeline.java:474)
at java.base/java.util.stream.FindOps$FindOp.evaluateSequential(FindOps.java:150)
at java.base/java.util.stream.AbstractPipeline.evaluate(AbstractPipeline.java:234)
at java.base/java.util.stream.ReferencePipeline.findFirst(ReferencePipeline.java:543)
at org.openqa.selenium.remote.ProtocolHandshake.createSession(ProtocolHandshake.java:128)
at org.openqa.selenium.remote.ProtocolHandshake.createSession(ProtocolHandshake.java:74)
at org.openqa.selenium.remote.HttpCommandExecutor.execute(HttpCommandExecutor.java:136)
at org.openqa.selenium.remote.service.DriverCommandExecutor.execute(DriverCommandExecutor.java:83)
at org.openqa.selenium.remote.RemoteWebDriver.execute(RemoteWebDriver.java:552)
at org.openqa.selenium.remote.RemoteWebDriver.startSession(RemoteWebDriver.java:213)
at org.openqa.selenium.remote.RemoteWebDriver.<init>(RemoteWebDriver.java:131)
at org.openqa.selenium.edge.EdgeDriver.<init>(EdgeDriver.java:141)
at org.openqa.selenium.edge.EdgeDriver.<init>(EdgeDriver.java:96)
at socaldesignautomation.SocalRebates01.setUpTest(SocalRebates01.java:49)
at java.base/jdk.internal.reflect.NativeMethodAccessorImpl.invoke0(Native Method)
at java.base/jdk.internal.reflect.NativeMethodAccessorImpl.invoke(NativeMethodAccessorImpl.java:62)
at java.base/jdk.internal.reflect.DelegatingMethodAccessorImpl.invoke(DelegatingMethodAccessorImpl.java:43)
at java.base/java.lang.reflect.Method.invoke(Method.java:567)
at org.testng.internal.MethodInvocationHelper.invokeMethod(MethodInvocationHelper.java:135)
at org.testng.internal.MethodInvocationHelper.invokeMethodConsideringTimeout(MethodInvocationHelper.java:64)
at org.testng.internal.ConfigInvoker.invokeConfigurationMethod(ConfigInvoker.java:364)
at org.testng.internal.ConfigInvoker.invokeConfigurations(ConfigInvoker.java:318)
at org.testng.TestRunner.invokeTestConfigurations(TestRunner.java:620)
at org.testng.TestRunner.beforeRun(TestRunner.java:610)
at org.testng.TestRunner.run(TestRunner.java:581)
at org.testng.SuiteRunner.runTest(SuiteRunner.java:384)
at org.testng.SuiteRunner.runSequentially(SuiteRunner.java:378)
at org.testng.SuiteRunner.privateRun(SuiteRunner.java:337)
at org.testng.SuiteRunner.run(SuiteRunner.java:286)
at org.testng.SuiteRunnerWorker.runSuite(SuiteRunnerWorker.java:53)
at org.testng.SuiteRunnerWorker.run(SuiteRunnerWorker.java:96)
at org.testng.TestNG.runSuitesSequentially(TestNG.java:1214)
at org.testng.TestNG.runSuitesLocally(TestNG.java:1136)
at org.testng.TestNG.runSuites(TestNG.java:1066)
at org.testng.TestNG.run(TestNG.java:1034)
at org.testng.remote.AbstractRemoteTestNG.run(AbstractRemoteTestNG.java:115)
at org.testng.remote.RemoteTestNG.initAndRun(RemoteTestNG.java:251)
at org.testng.remote.RemoteTestNG.main(RemoteTestNG.java:77)
]]>
    </error>
  </testcase> <!-- setUpTest -->
  <system-out/>
  <testcase classname="socaldesignautomation.SocalRebates01" name="LogoIsPresentOrNotVerification" time="0.818"/>
  <system-out/>
  <testcase classname="socaldesignautomation.SocalRebates01" name="FooterDisclaimerTextDesignVerification" time="1.329"/>
  <system-out/>
  <testcase classname="socaldesignautomation.SocalRebates01" name="FooterDisclaimerTextDesignVerification" time="1.038"/>
  <system-out/>
  <testcase classname="socaldesignautomation.SocalRebates01" name="UtilityNavHearderDesignVerificatin" time="0.000">
    <skipped/>
  </testcase> <!-- UtilityNavHearderDesignVerificatin -->
  <system-out/>
  <testcase classname="socaldesignautomation.SocalRebates01" name="SearchSoCalGasDesignVerification" time="0.282"/>
  <system-out/>
  <testcase classname="socaldesignautomation.SocalRebates01" name="RebatesAndIncentiveDesignVerification" time="0.000">
    <skipped/>
  </testcase> <!-- RebatesAndIncentiveDesignVerification -->
  <system-out/>
  <testcase classname="socaldesignautomation.SocalRebates01" name="ConnectWithUsFooterDesignVerification" time="1.056"/>
  <system-out/>
  <testcase classname="socaldesignautomation.SocalRebates01" name="SoCalGasMarketPlaceDesignVerification" time="0.969"/>
  <system-out/>
  <testcase classname="socaldesignautomation.SocalRebates01" name="EnergyEfficiencyFinancingDesignVerification" time="1.656"/>
  <system-out/>
  <testcase classname="socaldesignautomation.SocalRebates01" name="ConnectWithUsFooterDesignVerification" time="0.000">
    <skipped/>
  </testcase> <!-- ConnectWithUsFooterDesignVerification -->
  <system-out/>
  <testcase classname="socaldesignautomation.SocalRebates01" name="FooterDesignVerification" time="0.000">
    <skipped/>
  </testcase> <!-- FooterDesignVerification -->
  <system-out/>
</testsuite> <!-- socaldesignautomation.SocalRebates01 -->
