<?xml version="1.0" encoding="UTF-8"?>
<!-- Generated by org.testng.reporters.JUnitXMLReporter -->
<testsuite ignored="7" hostname="DESKTOP-RG41173" failures="1" tests="5" name="Socalgas Link Navigation Test" time="46.442" errors="0" timestamp="2020-08-10T14:42:22 IST">
  <testcase classname="socaldesignautomation.SocalLinksNavigation" name="@AfterTest terminateBrowser" time="0.001">
    <failure type="org.openqa.selenium.NoSuchSessionException" message="Session ID is null. Using WebDriver after calling quit()?
Build info: version: &amp;apos;3.141.59&amp;apos;, revision: &amp;apos;e82be7d358&amp;apos;, time: &amp;apos;2018-11-14T08:25:48&amp;apos;
System info: host: &amp;apos;DESKTOP-RG41173&amp;apos;, ip: &amp;apos;192.168.1.7&amp;apos;, os.name: &amp;apos;Windows 10&amp;apos;, os.arch: &amp;apos;amd64&amp;apos;, os.version: &amp;apos;10.0&amp;apos;, java.version: &amp;apos;13.0.2&amp;apos;
Driver info: driver.version: RemoteWebDriver">
      <![CDATA[org.openqa.selenium.NoSuchSessionException: Session ID is null. Using WebDriver after calling quit()?
Build info: version: '3.141.59', revision: 'e82be7d358', time: '2018-11-14T08:25:48'
System info: host: 'DESKTOP-RG41173', ip: '192.168.1.7', os.name: 'Windows 10', os.arch: 'amd64', os.version: '10.0', java.version: '13.0.2'
Driver info: driver.version: RemoteWebDriver
at org.openqa.selenium.remote.HttpCommandExecutor.execute(HttpCommandExecutor.java:125)
at org.openqa.selenium.remote.service.DriverCommandExecutor.execute(DriverCommandExecutor.java:83)
at org.openqa.selenium.remote.RemoteWebDriver.execute(RemoteWebDriver.java:552)
at org.openqa.selenium.remote.RemoteWebDriver.execute(RemoteWebDriver.java:609)
at org.openqa.selenium.remote.RemoteWebDriver.close(RemoteWebDriver.java:442)
at socaldesignautomation.SocalLinksNavigation.terminateBrowser(SocalLinksNavigation.java:259)
... Removed 24 stack frames]]>
    </failure>
  </testcase> <!-- @AfterTest terminateBrowser -->
  <testcase classname="socaldesignautomation.SocalLinksNavigation" name="ConnectWithUsNavigation" time="9.663"/>
  <testcase classname="socaldesignautomation.SocalLinksNavigation" name="FooterLinkNavigation" time="12.969"/>
  <testcase classname="socaldesignautomation.SocalLinksNavigation" name="FooterLogoNavigation" time="1.291"/>
  <testcase classname="socaldesignautomation.SocalLinksNavigation" name="GlobalNavigation" time="8.705"/>
  <testcase classname="socaldesignautomation.SocalLinksNavigation" name="UtilityNavLinksNavigation" time="1.212">
    <failure type="org.openqa.selenium.NoSuchSessionException" message="Session ID is null. Using WebDriver after calling quit()?
Build info: version: &amp;apos;3.141.59&amp;apos;, revision: &amp;apos;e82be7d358&amp;apos;, time: &amp;apos;2018-11-14T08:25:48&amp;apos;
System info: host: &amp;apos;DESKTOP-RG41173&amp;apos;, ip: &amp;apos;192.168.1.7&amp;apos;, os.name: &amp;apos;Windows 10&amp;apos;, os.arch: &amp;apos;amd64&amp;apos;, os.version: &amp;apos;10.0&amp;apos;, java.version: &amp;apos;13.0.2&amp;apos;
Driver info: driver.version: RemoteWebDriver">
      <![CDATA[org.openqa.selenium.NoSuchSessionException: Session ID is null. Using WebDriver after calling quit()?
Build info: version: '3.141.59', revision: 'e82be7d358', time: '2018-11-14T08:25:48'
System info: host: 'DESKTOP-RG41173', ip: '192.168.1.7', os.name: 'Windows 10', os.arch: 'amd64', os.version: '10.0', java.version: '13.0.2'
Driver info: driver.version: RemoteWebDriver
at org.openqa.selenium.remote.HttpCommandExecutor.execute(HttpCommandExecutor.java:125)
at org.openqa.selenium.remote.service.DriverCommandExecutor.execute(DriverCommandExecutor.java:83)
at org.openqa.selenium.remote.RemoteWebDriver.execute(RemoteWebDriver.java:552)
at org.openqa.selenium.remote.RemoteWebElement.execute(RemoteWebElement.java:285)
at org.openqa.selenium.remote.RemoteWebElement.getText(RemoteWebElement.java:166)
at socaldesignautomation.SocalLinksNavigation.UtilityNavLinksNavigation(SocalLinksNavigation.java:37)
at java.base/java.util.ArrayList.forEach(ArrayList.java:1507)
... Removed 27 stack frames]]>
    </failure>
  </testcase> <!-- UtilityNavLinksNavigation -->
  <testcase classname="socaldesignautomation.SocalLinksNavigation" name="ScheduleServiceNavigation" time="0.0">
    <ignored/>
  </testcase> <!-- ScheduleServiceNavigation -->
  <testcase classname="socaldesignautomation.SocalLinksNavigation" name="SaveMoneyAndEnergyNavigation" time="0.0">
    <ignored/>
  </testcase> <!-- SaveMoneyAndEnergyNavigation -->
  <testcase classname="socaldesignautomation.SocalLinksNavigation" name="PayBillsNavigation" time="0.0">
    <ignored/>
  </testcase> <!-- PayBillsNavigation -->
  <testcase classname="socaldesignautomation.SocalLinksNavigation" name="ForYourBusinessNavigation" time="0.0">
    <ignored/>
  </testcase> <!-- ForYourBusinessNavigation -->
  <testcase classname="socaldesignautomation.SocalLinksNavigation" name="SmartEnergyNavigation" time="0.0">
    <ignored/>
  </testcase> <!-- SmartEnergyNavigation -->
  <testcase classname="socaldesignautomation.SocalLinksNavigation" name="OurCommunityNavigation" time="0.0">
    <ignored/>
  </testcase> <!-- OurCommunityNavigation -->
  <testcase classname="socaldesignautomation.SocalLinksNavigation" name="StaySafeNavigation" time="0.0">
    <ignored/>
  </testcase> <!-- StaySafeNavigation -->
</testsuite> <!-- Socalgas Link Navigation Test -->
