<?xml version="1.0" encoding="UTF-8"?>
<!-- Generated by org.testng.reporters.JUnitXMLReporter -->
<testsuite ignored="0" hostname="DESKTOP-RG41173" failures="1" tests="3" name="TestffTest" time="25.166" errors="0" timestamp="2020-08-11T12:07:19 IST">
  <testcase classname="socaldesignautomation.SocalSearchMyaccount18" name="ApologiesBlockDesignVerification" time="0.307"/>
  <testcase classname="socaldesignautomation.SocalSearchMyaccount18" name="FilterByLanguageDesignVerification" time="0.268">
    <failure type="java.lang.AssertionError" message="expected [#ffffff] but found [#101010]">
      <![CDATA[java.lang.AssertionError: expected [#ffffff] but found [#101010]
at socaldesignautomation.SocalSearchMyaccount18.FilterByLanguageDesignVerification(SocalSearchMyaccount18.java:85)
at java.base/java.util.ArrayList.forEach(ArrayList.java:1507)
... Removed 32 stack frames]]>
    </failure>
  </testcase> <!-- FilterByLanguageDesignVerification -->
  <testcase classname="socaldesignautomation.SocalSearchMyaccount18" name="SearchTextDesignVerification" time="0.08"/>
</testsuite> <!-- TestffTest -->
